{
  "stats": {
    "suites": 1,
    "tests": 6,
    "passes": 5,
    "pending": 0,
    "failures": 1,
    "start": "2021-12-14T01:02:01.833Z",
    "end": "2021-12-14T01:02:09.406Z",
    "duration": 7573,
    "testsRegistered": 6,
    "passPercent": 83.33333333333334,
    "pendingPercent": 0,
    "other": 0,
    "hasOther": false,
    "skipped": 0,
    "hasSkipped": false
  },
  "results": [
    {
      "uuid": "6d89801a-fba6-4bcd-90ac-1838d95d156c",
      "title": "",
      "fullFile": "cypress/integration/search-component/search-component.spec.js",
      "file": "cypress/integration/search-component/search-component.spec.js",
      "beforeHooks": [],
      "afterHooks": [],
      "tests": [],
      "suites": [
        {
          "uuid": "60af7f05-6f5f-4f10-86dd-e6c09c0bde4e",
          "title": "Search Bar UI",
          "fullFile": "",
          "file": "",
          "beforeHooks": [],
          "afterHooks": [],
          "tests": [
            {
              "title": "Should return true when title component is correct",
              "fullTitle": "Search Bar UI Should return true when title component is correct",
              "timedOut": null,
              "duration": 1309,
              "state": "passed",
              "speed": "fast",
              "pass": true,
              "fail": false,
              "pending": false,
              "context": null,
              "code": "cy.visit('/');\ncy.get('[data-cy=ow]').invoke('text').then($value => {\n  expect($value).to.eq(\"Open Weather\");\n});",
              "err": {},
              "uuid": "b2dfad28-394f-4c2f-8f13-7c5436ea0458",
              "parentUUID": "60af7f05-6f5f-4f10-86dd-e6c09c0bde4e",
              "isHook": false,
              "skipped": false
            },
            {
              "title": "Should search some cities",
              "fullTitle": "Search Bar UI Should search some cities",
              "timedOut": null,
              "duration": 2986,
              "state": "passed",
              "speed": "fast",
              "pass": true,
              "fail": false,
              "pending": false,
              "context": null,
              "code": "cy.visit('/');\nconst city = ['Volta Redonda', 'Santa Rita do Sapucaí', 'Angra dos Reis', 'Rio de Janeiro'];\nfor (var i = 0; i < city.length; i++) {\n  cy.get('[data-cy=city-name]').type(city[i]);\n  cy.get('[data-cy=search]').click();\n  cy.contains(city[i]).should('to.have.length', 1);\n}",
              "err": {},
              "uuid": "79bff679-f85d-48c7-82a6-dd4ec753e91f",
              "parentUUID": "60af7f05-6f5f-4f10-86dd-e6c09c0bde4e",
              "isHook": false,
              "skipped": false
            },
            {
              "title": "Should search some cities with the name wrong",
              "fullTitle": "Search Bar UI Should search some cities with the name wrong",
              "timedOut": null,
              "duration": 1896,
              "state": "passed",
              "speed": "fast",
              "pass": true,
              "fail": false,
              "pending": false,
              "context": null,
              "code": "cy.visit('/');\nconst city = ['Voonda', 'Santucaí', 'Angris', 'Riiro'];\nfor (var i = 0; i < city.length; i++) {\n  cy.get('[data-cy=city-name]').type(city[i]);\n  cy.get('[data-cy=search]').click();\n  cy.contains(city[i]).should('to.have.length', 1);\n}",
              "err": {},
              "uuid": "edb01dda-5598-4834-9a8d-9f7728a0515d",
              "parentUUID": "60af7f05-6f5f-4f10-86dd-e6c09c0bde4e",
              "isHook": false,
              "skipped": false
            },
            {
              "title": "Should press the button without any text",
              "fullTitle": "Search Bar UI Should press the button without any text",
              "timedOut": null,
              "duration": 212,
              "state": "passed",
              "speed": "fast",
              "pass": true,
              "fail": false,
              "pending": false,
              "context": null,
              "code": "cy.visit('/');\nconst value = '';\nif (cy.get('[data-cy=city-name]').invoke('text').then($value => {\n  expect($value).to.eq('');\n})) {\n  cy.get('[data-cy=search').click();\n}",
              "err": {},
              "uuid": "ecad8b8b-3da4-42c0-81f0-baae5d57e60f",
              "parentUUID": "60af7f05-6f5f-4f10-86dd-e6c09c0bde4e",
              "isHook": false,
              "skipped": false
            },
            {
              "title": "Returns true if city name already in recent cities",
              "fullTitle": "Search Bar UI Returns true if city name already in recent cities",
              "timedOut": null,
              "duration": 831,
              "state": "failed",
              "speed": null,
              "pass": false,
              "fail": true,
              "pending": false,
              "context": "{\n  \"title\": \"cypress-mochawesome-reporter-screenshots\",\n  \"value\": [\n    [\n      {\n        \"title\": \"Failed screenshot\",\n        \"value\": \"\\\\search-component\\\\search-component.spec.js\\\\Search Bar UI -- Returns true if city name already in recent cities (failed).png\"\n      }\n    ]\n  ]\n}",
              "code": "cy.visit('/');\nconst rj = 'Rio de Janeiro';\ncy.get('[data-cy=city-name]').type(rj);\ncy.get('[data-cy=search').click();\ncy.get('[data-cy=rs-city]').invoke('text').then($value => {\n  expect($value).to.eq(rj);\n});",
              "err": {
                "message": "AssertionError: expected 'City Name' to equal 'Rio de Janeiro'",
                "estack": "AssertionError: expected 'City Name' to equal 'Rio de Janeiro'\n    at Context.eval (http://localhost:3000/__cypress/tests?p=cypress\\integration\\search-component\\search-component.spec.js:142:25)",
                "diff": "- 'City Name'\n+ 'Rio de Janeiro'\n"
              },
              "uuid": "c5442ccc-0f9d-4f75-833d-a27e8a7249e4",
              "parentUUID": "60af7f05-6f5f-4f10-86dd-e6c09c0bde4e",
              "isHook": false,
              "skipped": false
            },
            {
              "title": "Returns true if icons are visible",
              "fullTitle": "Search Bar UI Returns true if icons are visible",
              "timedOut": null,
              "duration": 173,
              "state": "passed",
              "speed": "fast",
              "pass": true,
              "fail": false,
              "pending": false,
              "context": null,
              "code": "cy.visit('/');\ncy.get('[data-cy=icon]').should('be.visible');",
              "err": {},
              "uuid": "23d4cd7d-cf81-45e8-a117-922f8a58c643",
              "parentUUID": "60af7f05-6f5f-4f10-86dd-e6c09c0bde4e",
              "isHook": false,
              "skipped": false
            }
          ],
          "suites": [],
          "passes": [
            "b2dfad28-394f-4c2f-8f13-7c5436ea0458",
            "79bff679-f85d-48c7-82a6-dd4ec753e91f",
            "edb01dda-5598-4834-9a8d-9f7728a0515d",
            "ecad8b8b-3da4-42c0-81f0-baae5d57e60f",
            "23d4cd7d-cf81-45e8-a117-922f8a58c643"
          ],
          "failures": [
            "c5442ccc-0f9d-4f75-833d-a27e8a7249e4"
          ],
          "pending": [],
          "skipped": [],
          "duration": 7407,
          "root": false,
          "rootEmpty": false,
          "_timeout": 2000
        }
      ],
      "passes": [],
      "failures": [],
      "pending": [],
      "skipped": [],
      "duration": 0,
      "root": true,
      "rootEmpty": true,
      "_timeout": 2000
    }
  ],
  "meta": {
    "mocha": {
      "version": "7.0.1"
    },
    "mochawesome": {
      "options": {
        "quiet": false,
        "reportFilename": "mochawesome",
        "saveHtml": false,
        "saveJson": true,
        "consoleReporter": "spec",
        "useInlineDiffs": false,
        "code": true
      },
      "version": "6.3.1"
    },
    "marge": {
      "options": {
        "reportDir": "cypress\\reports\\.jsons",
        "charts": true,
        "reportPageTitle": "My Test Suite",
        "embeddedScreenshots": true,
        "inlineAssets": true,
        "overwrite": false,
        "html": false,
        "json": true
      },
      "version": "5.2.0"
    }
  }
}