{
  "stats": {
    "suites": 1,
    "tests": 6,
    "passes": 5,
    "pending": 0,
    "failures": 1,
    "start": "2021-12-14T00:43:04.463Z",
    "end": "2021-12-14T00:43:12.099Z",
    "duration": 7636,
    "testsRegistered": 6,
    "passPercent": 83.33333333333334,
    "pendingPercent": 0,
    "other": 0,
    "hasOther": false,
    "skipped": 0,
    "hasSkipped": false
  },
  "results": [
    {
      "uuid": "15062772-8993-4d70-836e-8e07fa875fdc",
      "title": "",
      "fullFile": "cypress/integration/search-component/search-component.spec.js",
      "file": "cypress/integration/search-component/search-component.spec.js",
      "beforeHooks": [],
      "afterHooks": [],
      "tests": [],
      "suites": [
        {
          "uuid": "ef7eb001-edd2-4c62-8c79-e6bd25ce6d9b",
          "title": "Search Bar UI",
          "fullFile": "",
          "file": "",
          "beforeHooks": [],
          "afterHooks": [],
          "tests": [
            {
              "title": "Should return true when title component is correct",
              "fullTitle": "Search Bar UI Should return true when title component is correct",
              "timedOut": null,
              "duration": 1351,
              "state": "passed",
              "speed": "fast",
              "pass": true,
              "fail": false,
              "pending": false,
              "context": null,
              "code": "cy.visit('/');\ncy.get('[data-cy=ow]').invoke('text').then($value => {\n  expect($value).to.eq(\"Open Weather\");\n});",
              "err": {},
              "uuid": "50702056-7581-429c-95a5-fbafd685eb93",
              "parentUUID": "ef7eb001-edd2-4c62-8c79-e6bd25ce6d9b",
              "isHook": false,
              "skipped": false
            },
            {
              "title": "Should search some cities",
              "fullTitle": "Search Bar UI Should search some cities",
              "timedOut": null,
              "duration": 3051,
              "state": "passed",
              "speed": "fast",
              "pass": true,
              "fail": false,
              "pending": false,
              "context": null,
              "code": "cy.visit('/');\nconst city = ['Volta Redonda', 'Santa Rita do Sapucaí', 'Angra dos Reis', 'Rio de Janeiro'];\nfor (var i = 0; i < city.length; i++) {\n  cy.get('[data-cy=city-name]').type(city[i]);\n  cy.get('[data-cy=search]').click();\n  cy.contains(city[i]).should('to.have.length', 1);\n}",
              "err": {},
              "uuid": "d9bbdd67-efca-4c96-95b0-f269dd98ddc3",
              "parentUUID": "ef7eb001-edd2-4c62-8c79-e6bd25ce6d9b",
              "isHook": false,
              "skipped": false
            },
            {
              "title": "Should search some cities with the name wrong",
              "fullTitle": "Search Bar UI Should search some cities with the name wrong",
              "timedOut": null,
              "duration": 1919,
              "state": "passed",
              "speed": "fast",
              "pass": true,
              "fail": false,
              "pending": false,
              "context": null,
              "code": "cy.visit('/');\nconst city = ['Voonda', 'Santucaí', 'Angris', 'Riiro'];\nfor (var i = 0; i < city.length; i++) {\n  cy.get('[data-cy=city-name]').type(city[i]);\n  cy.get('[data-cy=search]').click();\n  cy.contains(city[i]).should('to.have.length', 1);\n}",
              "err": {},
              "uuid": "b641fd77-42ee-43d5-a8c3-8973b1cb6bf4",
              "parentUUID": "ef7eb001-edd2-4c62-8c79-e6bd25ce6d9b",
              "isHook": false,
              "skipped": false
            },
            {
              "title": "Should press the button without any text",
              "fullTitle": "Search Bar UI Should press the button without any text",
              "timedOut": null,
              "duration": 221,
              "state": "passed",
              "speed": "fast",
              "pass": true,
              "fail": false,
              "pending": false,
              "context": null,
              "code": "cy.visit('/');\nconst value = '';\nif (cy.get('[data-cy=city-name]').invoke('text').then($value => {\n  expect($value).to.eq('');\n})) {\n  cy.get('[data-cy=search').click();\n}",
              "err": {},
              "uuid": "83f2fee1-fa1f-4a2e-9f6f-042c8b6ed608",
              "parentUUID": "ef7eb001-edd2-4c62-8c79-e6bd25ce6d9b",
              "isHook": false,
              "skipped": false
            },
            {
              "title": "Returns true if city name already in recent cities",
              "fullTitle": "Search Bar UI Returns true if city name already in recent cities",
              "timedOut": null,
              "duration": 839,
              "state": "failed",
              "speed": null,
              "pass": false,
              "fail": true,
              "pending": false,
              "context": "{\n  \"title\": \"cypress-mochawesome-reporter-screenshots\",\n  \"value\": [\n    [\n      {\n        \"title\": \"Failed screenshot\",\n        \"value\": \"\\\\search-component\\\\search-component.spec.js\\\\Search Bar UI -- Returns true if city name already in recent cities (failed).png\"\n      }\n    ]\n  ]\n}",
              "code": "cy.visit('/');\nconst rj = 'Rio de Janeiro';\ncy.get('[data-cy=city-name]').type(rj);\ncy.get('[data-cy=search').click();\ncy.get('[data-cy=rs-city]').invoke('text').then($value => {\n  expect($value).to.eq(rj);\n});",
              "err": {
                "message": "AssertionError: expected 'City Name' to equal 'Rio de Janeiro'",
                "estack": "AssertionError: expected 'City Name' to equal 'Rio de Janeiro'\n    at Context.eval (http://localhost:3000/__cypress/tests?p=cypress\\integration\\search-component\\search-component.spec.js:142:25)",
                "diff": "- 'City Name'\n+ 'Rio de Janeiro'\n"
              },
              "uuid": "4bc778ca-0a99-4faf-8c6f-63145a38f170",
              "parentUUID": "ef7eb001-edd2-4c62-8c79-e6bd25ce6d9b",
              "isHook": false,
              "skipped": false
            },
            {
              "title": "Returns true if icons are visible",
              "fullTitle": "Search Bar UI Returns true if icons are visible",
              "timedOut": null,
              "duration": 142,
              "state": "passed",
              "speed": "fast",
              "pass": true,
              "fail": false,
              "pending": false,
              "context": null,
              "code": "cy.visit('/');\ncy.get('[data-cy=icon]').should('be.visible');",
              "err": {},
              "uuid": "399c5be9-823d-41b2-bdab-8df3f4550936",
              "parentUUID": "ef7eb001-edd2-4c62-8c79-e6bd25ce6d9b",
              "isHook": false,
              "skipped": false
            }
          ],
          "suites": [],
          "passes": [
            "50702056-7581-429c-95a5-fbafd685eb93",
            "d9bbdd67-efca-4c96-95b0-f269dd98ddc3",
            "b641fd77-42ee-43d5-a8c3-8973b1cb6bf4",
            "83f2fee1-fa1f-4a2e-9f6f-042c8b6ed608",
            "399c5be9-823d-41b2-bdab-8df3f4550936"
          ],
          "failures": [
            "4bc778ca-0a99-4faf-8c6f-63145a38f170"
          ],
          "pending": [],
          "skipped": [],
          "duration": 7523,
          "root": false,
          "rootEmpty": false,
          "_timeout": 2000
        }
      ],
      "passes": [],
      "failures": [],
      "pending": [],
      "skipped": [],
      "duration": 0,
      "root": true,
      "rootEmpty": true,
      "_timeout": 2000
    }
  ],
  "meta": {
    "mocha": {
      "version": "7.0.1"
    },
    "mochawesome": {
      "options": {
        "quiet": false,
        "reportFilename": "mochawesome",
        "saveHtml": false,
        "saveJson": true,
        "consoleReporter": "spec",
        "useInlineDiffs": false,
        "code": true
      },
      "version": "6.3.1"
    },
    "marge": {
      "options": {
        "reportDir": "cypress\\reports\\.jsons",
        "charts": true,
        "reportPageTitle": "My Test Suite",
        "embeddedScreenshots": true,
        "inlineAssets": true,
        "overwrite": false,
        "html": false,
        "json": true
      },
      "version": "5.2.0"
    }
  }
}